[       2ms] [ERROR] Failed to load resource: the server responded with a status of 404 () @ https://www.ibhe.org/research-and-data/reports/assets/css/ionicons.css:0
[       2ms] [ERROR] Failed to load resource: the server responded with a status of 404 () @ https://www.ibhe.org/research-and-data/reports/assets/css/droopmenu.css:0
[       2ms] [ERROR] Failed to load resource: the server responded with a status of 404 () @ https://www.ibhe.org/research-and-data/reports/assets/css/themes/transparent.css:0
[       2ms] [ERROR] Failed to load resource: the server responded with a status of 404 () @ https://www.ibhe.org/research-and-data/reports/assets/js/jquery.3.3.1.js:0
[       3ms] [ERROR] Failed to load resource: the server responded with a status of 404 () @ https://www.ibhe.org/research-and-data/reports/assets/mobirise/css/mbr-additional.css:0
[       3ms] [ERROR] Failed to load resource: the server responded with a status of 404 () @ https://www.ibhe.org/research-and-data/reports/assets/bootstrap/css/bootstrap.min.css:0
[       3ms] [ERROR] Failed to load resource: the server responded with a status of 404 () @ https://www.ibhe.org/research-and-data/reports/assets/tether/tether.min.css:0
[       3ms] [ERROR] Failed to load resource: the server responded with a status of 404 () @ https://www.ibhe.org/research-and-data/reports/assets/soundcloud-plugin/style.css:0
[       3ms] [ERROR] Failed to load resource: the server responded with a status of 404 () @ https://www.ibhe.org/research-and-data/reports/assets/animate.css/animate.min.css:0
[       4ms] [ERROR] Failed to load resource: the server responded with a status of 404 () @ https://www.ibhe.org/research-and-data/reports/assets/theme/css/style.css:0
[       4ms] [ERROR] Failed to load resource: the server responded with a status of 404 () @ https://www.ibhe.org/research-and-data/reports/assets/icons-mind/style.css:0
[       4ms] [ERROR] Failed to load resource: the server responded with a status of 404 () @ https://www.ibhe.org/research-and-data/reports/assets/icon54/style.css:0
[       4ms] [ERROR] Failed to load resource: the server responded with a status of 404 () @ https://www.ibhe.org/research-and-data/reports/assets/css/ibhe/ibhe.css:0
[      19ms] ReferenceError: $ is not defined
    at https://www.ibhe.org/research-and-data/reports/error404.html:79:9
[      19ms] ReferenceError: $ is not defined
    at https://www.ibhe.org/research-and-data/reports/error404.html:100:9
[       8ms] [ERROR] Failed to load resource: the server responded with a status of 404 () @ https://www.ibhe.org/research-and-data/reports/assets/web/assets/jquery/jquery.min.js:0
[       8ms] [ERROR] Failed to load resource: the server responded with a status of 404 () @ https://www.ibhe.org/research-and-data/reports/assets/tether/tether.min.js:0
[       8ms] [ERROR] Failed to load resource: the server responded with a status of 404 () @ https://www.ibhe.org/research-and-data/reports/assets/bootstrap/js/bootstrap.min.js:0
[       8ms] [ERROR] Failed to load resource: the server responded with a status of 404 () @ https://www.ibhe.org/research-and-data/reports/assets/viewport-checker/jquery.viewportchecker.js:0
[       8ms] [ERROR] Failed to load resource: the server responded with a status of 404 () @ https://www.ibhe.org/research-and-data/reports/assets/smooth-scroll/smooth-scroll.js:0
[       8ms] [ERROR] Failed to load resource: the server responded with a status of 404 () @ https://www.ibhe.org/research-and-data/reports/assets/touch-swipe/jquery.touch-swipe.min.js:0
[       8ms] [ERROR] Failed to load resource: the server responded with a status of 404 () @ https://www.ibhe.org/research-and-data/reports/assets/theme/js/script.js:0
[     260ms] [ERROR] Failed to load resource: the server responded with a status of 404 () @ https://idoc.illinois.gov/reentry/reentryresources.html:0
[     346ms] [ERROR] Failed to load resource: the server responded with a status of 404 () @ https://idoc.illinois.gov/reentry/reentryresources.html:0
[     364ms] ReferenceError: $ is not defined
    at https://idoc.illinois.gov/etc.clientlibs/soi/clientlibs/clientlib-base.min.86db31df3dd7bfdefe6a299153edd583.js:2169:4
    at https://idoc.illinois.gov/etc.clientlibs/soi/clientlibs/clientlib-base.min.86db31df3dd7bfdefe6a299153edd583.js:2207:2
