2026-05-02 22:13:39,779 [INFO]   Reading s3://illinois-legal-corpus-raw/cap/cap_bulk_corpus.jsonl
2026-05-02 22:13:39,783 [INFO] Found credentials in shared credentials file: ~/.aws/credentials
2026-05-02 22:15:24,931 [INFO]   172,760 entries loaded.
2026-05-02 22:15:30,211 [INFO]   5,000 opinions processed → 17,004 chunks...
2026-05-02 22:15:35,555 [INFO]   10,000 opinions processed → 35,536 chunks...
2026-05-02 22:15:44,025 [INFO]   15,000 opinions processed → 62,657 chunks...
2026-05-02 22:15:54,031 [INFO]   20,000 opinions processed → 92,995 chunks...
2026-05-02 22:16:04,369 [INFO]   25,000 opinions processed → 123,405 chunks...
2026-05-02 22:16:15,719 [INFO]   30,000 opinions processed → 157,075 chunks...
2026-05-02 22:16:27,639 [INFO]   35,000 opinions processed → 193,869 chunks...
2026-05-02 22:16:39,720 [INFO]   40,000 opinions processed → 233,540 chunks...
2026-05-02 22:16:51,310 [INFO]   45,000 opinions processed → 272,171 chunks...
2026-05-02 22:17:19,442 [INFO]   50,000 opinions processed → 353,881 chunks...
2026-05-02 22:17:24,892 [INFO]   55,000 opinions processed → 371,365 chunks...
2026-05-02 22:17:29,585 [INFO]   60,000 opinions processed → 386,114 chunks...
2026-05-02 22:17:39,167 [INFO]   65,000 opinions processed → 406,439 chunks...
2026-05-02 22:17:47,055 [INFO]   70,000 opinions processed → 430,399 chunks...
2026-05-02 22:17:53,533 [INFO]   75,000 opinions processed → 450,677 chunks...
2026-05-02 22:17:56,740 [INFO]   80,000 opinions processed → 460,819 chunks...
2026-05-02 22:18:00,415 [INFO]   85,000 opinions processed → 471,511 chunks...
2026-05-02 22:18:04,076 [INFO]   90,000 opinions processed → 482,208 chunks...
2026-05-02 22:18:08,544 [INFO]   95,000 opinions processed → 494,879 chunks...
2026-05-02 22:18:14,945 [INFO]   100,000 opinions processed → 513,108 chunks...
2026-05-02 22:18:22,207 [INFO]   105,000 opinions processed → 533,130 chunks...
2026-05-02 22:18:30,290 [INFO]   110,000 opinions processed → 557,369 chunks...
2026-05-02 22:18:40,034 [INFO]   115,000 opinions processed → 587,715 chunks...
2026-05-02 22:18:48,185 [INFO]   120,000 opinions processed → 613,447 chunks...
2026-05-02 22:18:57,476 [INFO]   125,000 opinions processed → 643,222 chunks...
2026-05-02 22:19:10,540 [INFO]   130,000 opinions processed → 684,715 chunks...
2026-05-02 22:19:25,463 [INFO]   135,000 opinions processed → 731,441 chunks...
2026-05-02 22:19:52,525 [INFO]   140,000 opinions processed → 781,167 chunks...
2026-05-02 22:20:15,165 [INFO]   145,000 opinions processed → 833,932 chunks...
2026-05-02 22:20:33,173 [INFO]   150,000 opinions processed → 889,602 chunks...
2026-05-02 22:20:52,535 [INFO]   155,000 opinions processed → 949,037 chunks...
2026-05-02 22:21:13,785 [INFO]   160,000 opinions processed → 1,012,571 chunks...
2026-05-02 22:22:35,256 [INFO]   165,000 opinions processed → 1,076,703 chunks...
2026-05-02 22:22:59,202 [INFO]   170,000 opinions processed → 1,156,065 chunks...
2026-05-02 22:23:15,914 [INFO]   Done. 1,211,329 chunks from 151,228 opinions. Skipped: 21532 (no text).
2026-05-02 22:23:16,829 [INFO]   Token stats: avg 506 | min 50 | max 801
2026-05-02 22:27:10,993 [INFO]   Writing 1,211,329 records → s3://illinois-legal-corpus-chunked/cap/cap_opinion_chunks.jsonl
2026-05-02 22:32:08,163 [INFO]   Upload complete.
