2026-05-02 21:44:53,050 [INFO]   Reading s3://illinois-legal-corpus-raw/cap/cap_bulk_corpus.jsonl
2026-05-02 21:44:53,062 [INFO] Found credentials in shared credentials file: ~/.aws/credentials
2026-05-02 21:46:37,333 [INFO]   172,760 entries loaded.
2026-05-02 21:46:42,475 [INFO]   5,000 opinions processed → 17,004 chunks...
2026-05-02 21:46:47,799 [INFO]   10,000 opinions processed → 35,536 chunks...
2026-05-02 21:46:56,422 [INFO]   15,000 opinions processed → 62,657 chunks...
2026-05-02 21:47:06,268 [INFO]   20,000 opinions processed → 92,995 chunks...
2026-05-02 21:47:16,840 [INFO]   25,000 opinions processed → 123,405 chunks...
2026-05-02 21:47:28,190 [INFO]   30,000 opinions processed → 157,075 chunks...
2026-05-02 21:47:40,267 [INFO]   35,000 opinions processed → 193,869 chunks...
2026-05-02 21:47:52,523 [INFO]   40,000 opinions processed → 233,540 chunks...
2026-05-02 21:48:04,332 [INFO]   45,000 opinions processed → 272,171 chunks...
2026-05-02 21:48:30,233 [INFO]   50,000 opinions processed → 353,881 chunks...
2026-05-02 21:48:35,594 [INFO]   55,000 opinions processed → 371,365 chunks...
2026-05-02 21:48:40,027 [INFO]   60,000 opinions processed → 386,114 chunks...
2026-05-02 21:48:46,661 [INFO]   65,000 opinions processed → 406,439 chunks...
2026-05-02 21:48:55,664 [INFO]   70,000 opinions processed → 430,399 chunks...
2026-05-02 21:49:02,300 [INFO]   75,000 opinions processed → 450,677 chunks...
2026-05-02 21:49:05,512 [INFO]   80,000 opinions processed → 460,819 chunks...
2026-05-02 21:49:09,155 [INFO]   85,000 opinions processed → 471,511 chunks...
2026-05-02 21:49:12,979 [INFO]   90,000 opinions processed → 482,208 chunks...
2026-05-02 21:49:17,514 [INFO]   95,000 opinions processed → 494,879 chunks...
2026-05-02 21:49:23,942 [INFO]   100,000 opinions processed → 513,108 chunks...
2026-05-02 21:49:31,129 [INFO]   105,000 opinions processed → 533,130 chunks...
2026-05-02 21:49:39,234 [INFO]   110,000 opinions processed → 557,369 chunks...
2026-05-02 21:49:48,841 [INFO]   115,000 opinions processed → 587,715 chunks...
2026-05-02 21:49:56,791 [INFO]   120,000 opinions processed → 613,447 chunks...
2026-05-02 21:50:06,240 [INFO]   125,000 opinions processed → 643,222 chunks...
2026-05-02 21:50:19,446 [INFO]   130,000 opinions processed → 684,715 chunks...
2026-05-02 21:50:34,390 [INFO]   135,000 opinions processed → 731,441 chunks...
2026-05-02 21:51:01,250 [INFO]   140,000 opinions processed → 781,167 chunks...
2026-05-02 21:51:24,070 [INFO]   145,000 opinions processed → 833,932 chunks...
2026-05-02 21:51:42,920 [INFO]   150,000 opinions processed → 889,602 chunks...
2026-05-02 21:52:02,053 [INFO]   155,000 opinions processed → 949,037 chunks...
2026-05-02 21:52:22,429 [INFO]   160,000 opinions processed → 1,012,571 chunks...
2026-05-02 21:53:52,300 [INFO]   165,000 opinions processed → 1,076,703 chunks...
2026-05-02 21:54:17,502 [INFO]   170,000 opinions processed → 1,156,065 chunks...
2026-05-02 21:54:34,149 [INFO]   Done. 1,211,329 chunks from 151,228 opinions. Skipped: 21532 (no text).
2026-05-02 21:54:35,342 [INFO]   Token stats: avg 506 | min 50 | max 801
2026-05-02 22:00:34,853 [INFO]   Writing 1,211,329 records → s3://illinois-legal-corpus-chunked/cap/cap_opinion_chunks.jsonl
